This is pdfTeX, Version 3.14159265-2.6-1.40.21 (MiKTeX 2.9.7300 64-bit) (preloaded format=pdflatex 2020.2.16)  3 MAY 2020 23:48
entering extended mode
**./main_explainability.tex
(main_explainability.tex
LaTeX2e <2020-02-02> patch level 1
L3 programming layer <2020-02-08> (softeng.cls
("C:\Program Files\MiKTeX 2.9\tex/latex/base\report.cls"
Document Class: report 2019/12/20 v1.4l Standard LaTeX document class
("C:\Program Files\MiKTeX 2.9\tex/latex/base\size12.clo"
File: size12.clo 2019/12/20 v1.4l Standard LaTeX file (size option)
)
\c@part=\count167
\c@chapter=\count168
\c@section=\count169
\c@subsection=\count170
\c@subsubsection=\count171
\c@paragraph=\count172
\c@subparagraph=\count173
\c@figure=\count174
\c@table=\count175
\abovecaptionskip=\skip47
\belowcaptionskip=\skip48
\bibindent=\dimen134
)
("C:\Program Files\MiKTeX 2.9\tex/latex/geometry\geometry.sty"
Package: geometry 2020/01/02 v5.9 Page Geometry

("C:\Program Files\MiKTeX 2.9\tex/latex/graphics\keyval.sty"
Package: keyval 2014/10/28 v1.15 key=value parser (DPC)
\KV@toks@=\toks14
)
("C:\Program Files\MiKTeX 2.9\tex/generic/iftex\ifvtex.sty"
Package: ifvtex 2019/10/25 v1.7 ifvtex legacy package. Use iftex instead.

("C:\Program Files\MiKTeX 2.9\tex/generic/iftex\iftex.sty"
Package: iftex 2019/11/07 v1.0c TeX engine tests
))
\Gm@cnth=\count176
\Gm@cntv=\count177
\c@Gm@tempcnt=\count178
\Gm@bindingoffset=\dimen135
\Gm@wd@mp=\dimen136
\Gm@odd@mp=\dimen137
\Gm@even@mp=\dimen138
\Gm@layoutwidth=\dimen139
\Gm@layoutheight=\dimen140
\Gm@layouthoffset=\dimen141
\Gm@layoutvoffset=\dimen142
\Gm@dimlist=\toks15

("C:\Program Files\MiKTeX 2.9\tex/latex/geometry\geometry.cfg"))
("C:\Program Files\MiKTeX 2.9\tex/latex/graphics\graphicx.sty"
Package: graphicx 2019/11/30 v1.2a Enhanced LaTeX Graphics (DPC,SPQR)

("C:\Program Files\MiKTeX 2.9\tex/latex/graphics\graphics.sty"
Package: graphics 2019/11/30 v1.4a Standard LaTeX Graphics (DPC,SPQR)

("C:\Program Files\MiKTeX 2.9\tex/latex/graphics\trig.sty"
Package: trig 2016/01/03 v1.10 sin cos tan (DPC)
)
("C:\Program Files\MiKTeX 2.9\tex/latex/graphics-cfg\graphics.cfg"
File: graphics.cfg 2016/06/04 v1.11 sample graphics configuration
)
Package graphics Info: Driver file: pdftex.def on input line 105.

("C:\Program Files\MiKTeX 2.9\tex/latex/graphics-def\pdftex.def"
File: pdftex.def 2018/01/08 v1.0l Graphics/color driver for pdftex
))
\Gin@req@height=\dimen143
\Gin@req@width=\dimen144
)
("C:\Program Files\MiKTeX 2.9\tex/latex/url\url.sty"
\Urlmuskip=\muskip16
Package: url 2013/09/16  ver 3.4  Verb mode for urls, etc.
))
("C:\Program Files\MiKTeX 2.9\tex/latex/psnfss\times.sty"
Package: times 2005/04/12 PSNFSS-v9.2a (SPQR) 
)
("C:\Program Files\MiKTeX 2.9\tex/latex/graphics\color.sty"
Package: color 2019/11/23 v1.2a Standard LaTeX Color (DPC)

("C:\Program Files\MiKTeX 2.9\tex/latex/graphics-cfg\color.cfg"
File: color.cfg 2016/01/02 v1.6 sample color configuration
)
Package color Info: Driver file: pdftex.def on input line 147.
)
("C:\Program Files\MiKTeX 2.9\tex/latex/hyperref\hyperref.sty"
Package: hyperref 2020/01/14 v7.00d Hypertext links for LaTeX

("C:\Program Files\MiKTeX 2.9\tex/generic/ltxcmds\ltxcmds.sty"
Package: ltxcmds 2019/12/15 v1.24 LaTeX kernel commands for general use (HO)
)
("C:\Program Files\MiKTeX 2.9\tex/latex/pdftexcmds\pdftexcmds.sty"
Package: pdftexcmds 2019/11/24 v0.31 Utility functions of pdfTeX for LuaTeX (HO
)

("C:\Program Files\MiKTeX 2.9\tex/generic/infwarerr\infwarerr.sty"
Package: infwarerr 2019/12/03 v1.5 Providing info/warning/error messages (HO)
)
Package pdftexcmds Info: \pdf@primitive is available.
Package pdftexcmds Info: \pdf@ifprimitive is available.
Package pdftexcmds Info: \pdfdraftmode found.
)
("C:\Program Files\MiKTeX 2.9\tex/generic/kvsetkeys\kvsetkeys.sty"
Package: kvsetkeys 2019/12/15 v1.18 Key value parser (HO)
)
("C:\Program Files\MiKTeX 2.9\tex/generic/kvdefinekeys\kvdefinekeys.sty"
Package: kvdefinekeys 2019-12-19 v1.6 Define keys (HO)
)
("C:\Program Files\MiKTeX 2.9\tex/generic/pdfescape\pdfescape.sty"
Package: pdfescape 2019/12/09 v1.15 Implements pdfTeX's escape features (HO)
)
("C:\Program Files\MiKTeX 2.9\tex/latex/hycolor\hycolor.sty"
Package: hycolor 2020-01-27 v1.10 Color options for hyperref/bookmark (HO)
)
("C:\Program Files\MiKTeX 2.9\tex/latex/letltxmacro\letltxmacro.sty"
Package: letltxmacro 2019/12/03 v1.6 Let assignment for LaTeX macros (HO)
)
("C:\Program Files\MiKTeX 2.9\tex/latex/auxhook\auxhook.sty"
Package: auxhook 2019-12-17 v1.6 Hooks for auxiliary files (HO)
)
("C:\Program Files\MiKTeX 2.9\tex/latex/kvoptions\kvoptions.sty"
Package: kvoptions 2019/11/29 v3.13 Key value format for package options (HO)
)
\@linkdim=\dimen145
\Hy@linkcounter=\count179
\Hy@pagecounter=\count180

("C:\Program Files\MiKTeX 2.9\tex/latex/hyperref\pd1enc.def"
File: pd1enc.def 2020/01/14 v7.00d Hyperref: PDFDocEncoding definition (HO)
Now handling font encoding PD1 ...
... no UTF-8 mapping file for font encoding PD1
)
("C:\Program Files\MiKTeX 2.9\tex/generic/intcalc\intcalc.sty"
Package: intcalc 2019/12/15 v1.3 Expandable calculations with integers (HO)
)
("C:\Program Files\MiKTeX 2.9\tex/generic/etexcmds\etexcmds.sty"
Package: etexcmds 2019/12/15 v1.7 Avoid name clashes with e-TeX commands (HO)
)
\Hy@SavedSpaceFactor=\count181
Package hyperref Info: Hyper figures OFF on input line 4547.
Package hyperref Info: Link nesting OFF on input line 4552.
Package hyperref Info: Hyper index ON on input line 4555.
Package hyperref Info: Plain pages OFF on input line 4562.
Package hyperref Info: Backreferencing OFF on input line 4567.
Package hyperref Info: Implicit mode ON; LaTeX internals redefined.
Package hyperref Info: Bookmarks ON on input line 4800.
\c@Hy@tempcnt=\count182
LaTeX Info: Redefining \url on input line 5159.
\XeTeXLinkMargin=\dimen146

("C:\Program Files\MiKTeX 2.9\tex/generic/bitset\bitset.sty"
Package: bitset 2019/12/09 v1.3 Handle bit-vector datatype (HO)

("C:\Program Files\MiKTeX 2.9\tex/generic/bigintcalc\bigintcalc.sty"
Package: bigintcalc 2019/12/15 v1.5 Expandable calculations on big integers (HO
)
))
\Fld@menulength=\count183
\Field@Width=\dimen147
\Fld@charsize=\dimen148
Package hyperref Info: Hyper figures OFF on input line 6430.
Package hyperref Info: Link nesting OFF on input line 6435.
Package hyperref Info: Hyper index ON on input line 6438.
Package hyperref Info: backreferencing OFF on input line 6445.
Package hyperref Info: Link coloring OFF on input line 6450.
Package hyperref Info: Link coloring with OCG OFF on input line 6455.
Package hyperref Info: PDF/A mode OFF on input line 6460.
LaTeX Info: Redefining \ref on input line 6500.
LaTeX Info: Redefining \pageref on input line 6504.

("C:\Program Files\MiKTeX 2.9\tex/generic/atbegshi\atbegshi.sty"
Package: atbegshi 2019/12/05 v1.19 At begin shipout hook (HO)
)
\Hy@abspage=\count184
\c@Item=\count185
\c@Hfootnote=\count186
)
Package hyperref Info: Driver (autodetected): hpdftex.

("C:\Program Files\MiKTeX 2.9\tex/latex/hyperref\hpdftex.def"
File: hpdftex.def 2020/01/14 v7.00d Hyperref driver for pdfTeX

("C:\Program Files\MiKTeX 2.9\tex/latex/atveryend\atveryend.sty"
Package: atveryend 2019-12-11 v1.11 Hooks at the very end of document (HO)
Package atveryend Info: \enddocument detected (standard20110627).
)
\Fld@listcount=\count187
\c@bookmark@seq@number=\count188

("C:\Program Files\MiKTeX 2.9\tex/latex/rerunfilecheck\rerunfilecheck.sty"
Package: rerunfilecheck 2019/12/05 v1.9 Rerun checks for auxiliary files (HO)

("C:\Program Files\MiKTeX 2.9\tex/generic/uniquecounter\uniquecounter.sty"
Package: uniquecounter 2019/12/15 v1.4 Provide unlimited unique counter (HO)
)
Package uniquecounter Info: New unique counter `rerunfilecheck' on input line 2
86.
)
\Hy@SectionHShift=\skip49
)
("C:\Program Files\MiKTeX 2.9\tex/latex/amsmath\amsmath.sty"
Package: amsmath 2020/01/20 v2.17e AMS math features
\@mathmargin=\skip50

For additional information on amsmath, use the `?' option.
("C:\Program Files\MiKTeX 2.9\tex/latex/amsmath\amstext.sty"
Package: amstext 2000/06/29 v2.01 AMS text

("C:\Program Files\MiKTeX 2.9\tex/latex/amsmath\amsgen.sty"
File: amsgen.sty 1999/11/30 v2.0 generic functions
\@emptytoks=\toks16
\ex@=\dimen149
))
("C:\Program Files\MiKTeX 2.9\tex/latex/amsmath\amsbsy.sty"
Package: amsbsy 1999/11/29 v1.2d Bold Symbols
\pmbraise@=\dimen150
)
("C:\Program Files\MiKTeX 2.9\tex/latex/amsmath\amsopn.sty"
Package: amsopn 2016/03/08 v2.02 operator names
)
\inf@bad=\count189
LaTeX Info: Redefining \frac on input line 227.
\uproot@=\count190
\leftroot@=\count191
LaTeX Info: Redefining \overline on input line 389.
\classnum@=\count192
\DOTSCASE@=\count193
LaTeX Info: Redefining \ldots on input line 486.
LaTeX Info: Redefining \dots on input line 489.
LaTeX Info: Redefining \cdots on input line 610.
\Mathstrutbox@=\box45
\strutbox@=\box46
\big@size=\dimen151
LaTeX Font Info:    Redeclaring font encoding OML on input line 733.
LaTeX Font Info:    Redeclaring font encoding OMS on input line 734.
\macc@depth=\count194
\c@MaxMatrixCols=\count195
\dotsspace@=\muskip17
\c@parentequation=\count196
\dspbrk@lvl=\count197
\tag@help=\toks17
\row@=\count198
\column@=\count199
\maxfields@=\count266
\andhelp@=\toks18
\eqnshift@=\dimen152
\alignsep@=\dimen153
\tagshift@=\dimen154
\tagwidth@=\dimen155
\totwidth@=\dimen156
\lineht@=\dimen157
\@envbody=\toks19
\multlinegap=\skip51
\multlinetaggap=\skip52
\mathdisplay@stack=\toks20
LaTeX Info: Redefining \[ on input line 2859.
LaTeX Info: Redefining \] on input line 2860.
)
("C:\Program Files\MiKTeX 2.9\tex/latex/amsfonts\amssymb.sty"
Package: amssymb 2013/01/14 v3.01 AMS font symbols

("C:\Program Files\MiKTeX 2.9\tex/latex/amsfonts\amsfonts.sty"
Package: amsfonts 2013/01/14 v3.01 Basic AMSFonts support
\symAMSa=\mathgroup4
\symAMSb=\mathgroup5
LaTeX Font Info:    Redeclaring math symbol \hbar on input line 98.
LaTeX Font Info:    Overwriting math alphabet `\mathfrak' in version `bold'
(Font)                  U/euf/m/n --> U/euf/b/n on input line 106.
))
("C:\Program Files\MiKTeX 2.9\tex/latex/caption\caption.sty"
Package: caption 2020/01/03 v3.4h Customizing captions (AR)

("C:\Program Files\MiKTeX 2.9\tex/latex/caption\caption3.sty"
Package: caption3 2020/01/03 v1.8h caption3 kernel (AR)
Package caption3 Info: TeX engine: e-TeX on input line 61.
\captionmargin=\dimen158
\captionmargin@=\dimen159
\captionwidth=\dimen160
\caption@tempdima=\dimen161
\caption@indent=\dimen162
\caption@parindent=\dimen163
\caption@hangindent=\dimen164
Package caption Info: Standard document class detected.
)
\c@caption@flags=\count267
\c@continuedfloat=\count268
Package caption Info: hyperref package is loaded.
)
("C:\Program Files\MiKTeX 2.9\tex/latex/booktabs\booktabs.sty"
Package: booktabs 2020/01/12 v1.61803398 Publication quality tables
\heavyrulewidth=\dimen165
\lightrulewidth=\dimen166
\cmidrulewidth=\dimen167
\belowrulesep=\dimen168
\belowbottomsep=\dimen169
\aboverulesep=\dimen170
\abovetopsep=\dimen171
\cmidrulesep=\dimen172
\cmidrulekern=\dimen173
\defaultaddspace=\dimen174
\@cmidla=\count269
\@cmidlb=\count270
\@aboverulesep=\dimen175
\@belowrulesep=\dimen176
\@thisruleclass=\count271
\@lastruleclass=\count272
\@thisrulewidth=\dimen177
)
("C:\Program Files\MiKTeX 2.9\tex/latex/subfigure\subfigure.sty"
Package: subfigure 2002/07/30 v2.1.4 subfigure package
\subfigtopskip=\skip53
\subfigcapskip=\skip54
\subfigcaptopadj=\dimen178
\subfigbottomskip=\skip55
\subfigcapmargin=\dimen179
\subfiglabelskip=\skip56
\c@subfigure=\count273
\c@lofdepth=\count274
\c@subtable=\count275
\c@lotdepth=\count276

****************************************
* Local config file subfigure.cfg used *
****************************************
("C:\Program Files\MiKTeX 2.9\tex/latex/subfigure\subfigure.cfg")
\subfig@top=\skip57
\subfig@bottom=\skip58
)
("C:\Program Files\MiKTeX 2.9\tex/latex/parskip\parskip.sty"
Package: parskip 2020-01-22 v2.0d non-zero parskip adjustments

("C:\Program Files\MiKTeX 2.9\tex/latex/etoolbox\etoolbox.sty"
Package: etoolbox 2019/09/21 v2.5h e-TeX tools for LaTeX (JAW)
\etb@tempcnta=\count277
))
("C:\Program Files\MiKTeX 2.9\tex/latex/l3backend\l3backend-pdfmode.def"
File: l3backend-pdfmode.def 2020-02-03 L3 backend support: PDF mode
\l__kernel_color_stack_int=\count278
\l__pdf_internal_box=\box47
)
(main_explainability.aux

LaTeX Warning: Label `fig:first_sub' multiply defined.


LaTeX Warning: Label `sub@fig:first_sub' multiply defined.


LaTeX Warning: Label `fig:second_sub' multiply defined.


LaTeX Warning: Label `sub@fig:second_sub' multiply defined.


LaTeX Warning: Label `fig:first_sub' multiply defined.


LaTeX Warning: Label `sub@fig:first_sub' multiply defined.


LaTeX Warning: Label `fig:second_sub' multiply defined.


LaTeX Warning: Label `sub@fig:second_sub' multiply defined.


LaTeX Warning: Label `fig:weighted_ann' multiply defined.

)
\openout1 = `main_explainability.aux'.

LaTeX Font Info:    Checking defaults for OML/cmm/m/it on input line 21.
LaTeX Font Info:    ... okay on input line 21.
LaTeX Font Info:    Checking defaults for OMS/cmsy/m/n on input line 21.
LaTeX Font Info:    ... okay on input line 21.
LaTeX Font Info:    Checking defaults for OT1/cmr/m/n on input line 21.
LaTeX Font Info:    ... okay on input line 21.
LaTeX Font Info:    Checking defaults for T1/cmr/m/n on input line 21.
LaTeX Font Info:    ... okay on input line 21.
LaTeX Font Info:    Checking defaults for TS1/cmr/m/n on input line 21.
LaTeX Font Info:    ... okay on input line 21.
LaTeX Font Info:    Checking defaults for OMX/cmex/m/n on input line 21.
LaTeX Font Info:    ... okay on input line 21.
LaTeX Font Info:    Checking defaults for U/cmr/m/n on input line 21.
LaTeX Font Info:    ... okay on input line 21.
LaTeX Font Info:    Checking defaults for PD1/pdf/m/n on input line 21.
LaTeX Font Info:    ... okay on input line 21.
LaTeX Font Info:    Trying to load font information for OT1+ptm on input line 2
1.
 ("C:\Program Files\MiKTeX 2.9\tex/latex/psnfss\ot1ptm.fd"
File: ot1ptm.fd 2001/06/04 font definitions for OT1/ptm.
)
*geometry* driver: auto-detecting
*geometry* detected driver: pdftex
*geometry* verbose mode - [ preamble ] result:
* driver: pdftex
* paper: <default>
* layout: <same size as paper>
* layoutoffset:(h,v)=(0.0pt,0.0pt)
* modes: 
* h-part:(L,W,R)=(72.26999pt, 452.9679pt, 72.26999pt)
* v-part:(T,H,B)=(72.26999pt, 700.50687pt, 72.26999pt)
* \paperwidth=597.50787pt
* \paperheight=845.04684pt
* \textwidth=452.9679pt
* \textheight=700.50687pt
* \oddsidemargin=0.0pt
* \evensidemargin=0.0pt
* \topmargin=-37.0pt
* \headheight=12.0pt
* \headsep=25.0pt
* \topskip=12.0pt
* \footskip=30.0pt
* \marginparwidth=35.0pt
* \marginparsep=10.0pt
* \columnsep=10.0pt
* \skip\footins=10.8pt plus 4.0pt minus 2.0pt
* \hoffset=0.0pt
* \voffset=0.0pt
* \mag=1000
* \@twocolumnfalse
* \@twosidefalse
* \@mparswitchfalse
* \@reversemarginfalse
* (1in=72.27pt=25.4mm, 1cm=28.453pt)

("C:\Program Files\MiKTeX 2.9\tex/context/base/mkii\supp-pdf.mkii"
[Loading MPS to PDF converter (version 2006.09.02).]
\scratchcounter=\count279
\scratchdimen=\dimen180
\scratchbox=\box48
\nofMPsegments=\count280
\nofMParguments=\count281
\everyMPshowfont=\toks21
\MPscratchCnt=\count282
\MPscratchDim=\dimen181
\MPnumerator=\count283
\makeMPintoPDFobject=\count284
\everyMPtoPDFconversion=\toks22
) ("C:\Program Files\MiKTeX 2.9\tex/latex/epstopdf-pkg\epstopdf-base.sty"
Package: epstopdf-base 2020-01-24 v2.11 Base part for package epstopdf
Package epstopdf-base Info: Redefining graphics rule for `.eps' on input line 4
85.
)
\AtBeginShipoutBox=\box49
Package hyperref Info: Link coloring OFF on input line 21.

("C:\Program Files\MiKTeX 2.9\tex/latex/hyperref\nameref.sty"
Package: nameref 2019/09/16 v2.46 Cross-referencing by name of section

("C:\Program Files\MiKTeX 2.9\tex/latex/refcount\refcount.sty"
Package: refcount 2019/12/15 v3.6 Data extraction from label references (HO)
)
("C:\Program Files\MiKTeX 2.9\tex/generic/gettitlestring\gettitlestring.sty"
Package: gettitlestring 2019/12/15 v1.6 Cleanup title references (HO)
)
\c@section@level=\count285
)
LaTeX Info: Redefining \ref on input line 21.
LaTeX Info: Redefining \pageref on input line 21.
LaTeX Info: Redefining \nameref on input line 21.

(main_explainability.out) (main_explainability.out)
\@outlinefile=\write3
\openout3 = `main_explainability.out'.

Package caption Info: Begin \AtBeginDocument code.
Package caption Info: subfigure package is loaded.
Package caption Info: End \AtBeginDocument code.
Package epstopdf Info: Source file: <oxfordlogo.eps>
(epstopdf)                    date: 2020-02-09 14:59:21
(epstopdf)                    size: 235691 bytes
(epstopdf)             Output file: <oxfordlogo-eps-converted-to.pdf>
(epstopdf)                    date: 2020-02-16 13:40:03
(epstopdf)                    size: 31014 bytes
(epstopdf)             Command: <epstopdf --outfile=oxfordlogo-eps-converted-to
.pdf oxfordlogo.eps>
(epstopdf)             \includegraphics on input line 24.
Package epstopdf Info: Output file is already uptodate.


pdfTeX warning: pdflatex (file ./oxfordlogo-eps-converted-to.pdf): PDF inclusio
n: found PDF version <1.7>, but at most version <1.5> allowed
<oxfordlogo-eps-converted-to.pdf, id=99, 285.065pt x 285.065pt>
File: oxfordlogo-eps-converted-to.pdf Graphic file (type pdf)
<use oxfordlogo-eps-converted-to.pdf>
Package pdftex.def Info: oxfordlogo-eps-converted-to.pdf  used on input line 24
.
(pdftex.def)             Requested size: 40.00017pt x 40.0pt.

Overfull \hbox (412.9679pt too wide) detected at line 24
[]
 []


Underfull \hbox (badness 10000) detected at line 24
[] []
 []

[1

{C:/Users/dan39/AppData/Local/MiKTeX/2.9/pdftex/config/pdftex.map} <./oxfordlog
o-eps-converted-to.pdf>] [2

]pdfTeX warning (ext4): destination with the same identifier (name{page.1}) has
 been already used, duplicate ignored
<to be read again> 
                   \relax 
l.29 ...hy for real world use cases.\end{abstract}
                                                   [1

] (main_explainability.toc
LaTeX Font Info:    Trying to load font information for U+msa on input line 1.
("C:\Program Files\MiKTeX 2.9\tex/latex/amsfonts\umsa.fd"
File: umsa.fd 2013/01/14 v3.01 AMS symbols A
)
LaTeX Font Info:    Trying to load font information for U+msb on input line 1.

("C:\Program Files\MiKTeX 2.9\tex/latex/amsfonts\umsb.fd"
File: umsb.fd 2013/01/14 v3.01 AMS symbols B
))
\tf@toc=\write4
\openout4 = `main_explainability.toc'.

pdfTeX warning (ext4): destination with the same identifier (name{page.1}) has 
been already used, duplicate ignored
<to be read again> 
                   \relax 
l.33 \newpage
              [1

]pdfTeX warning (ext4): destination with the same identifier (name{page.2}) has
 been already used, duplicate ignored
<to be read again> 
                   \relax 
l.48 F
      urthermore, machine learning classifiers are becoming increasingly com...
[2] [3]
<images/purposes_of_explainability.png, id=183, 771.88374pt x 312.16624pt>
File: images/purposes_of_explainability.png Graphic file (type png)
<use images/purposes_of_explainability.png>
Package pdftex.def Info: images/purposes_of_explainability.png  used on input l
ine 74.
(pdftex.def)             Requested size: 407.66833pt x 164.87096pt.


LaTeX Warning: `!h' float specifier changed to `!ht'.

[4] [5 <./images/purposes_of_explainability.png>]
Overfull \hbox (73.56334pt too wide) in paragraph at lines 104--107
[]\OT1/ptm/m/n/12 ] J. Angwin, J. Lar-son, S. Mattu, and L. Kirch-ner, \Ma-chin
e bias," https://www.propublica.org/article/machine-
 []


Overfull \hbox (24.00314pt too wide) in paragraph at lines 108--110
[]\OT1/ptm/m/n/12 http://opendatascience.com/ai-black-box-horror-stories-when-t
ransparency-was-needed-more-than-
 []

[6]
<images/evolution_publications.png, id=214, 691.08188pt x 346.79562pt>
File: images/evolution_publications.png Graphic file (type png)
<use images/evolution_publications.png>
Package pdftex.def Info: images/evolution_publications.png  used on input line 
118.
(pdftex.def)             Requested size: 345.54008pt x 173.39738pt.
 [7 <./images/evolution_publications.png>] [8] [9]
<images/iml.png, id=244, 482.80376pt x 310.15875pt>
File: images/iml.png Graphic file (type png)
<use images/iml.png>
Package pdftex.def Info: images/iml.png  used on input line 165.
(pdftex.def)             Requested size: 362.37569pt x 232.80305pt.
 [10 <./images/iml.png>]
<images/interpretation_scope.png, id=262, 482.30188pt x 352.81813pt>
File: images/interpretation_scope.png Graphic file (type png)
<use images/interpretation_scope.png>
Package pdftex.def Info: images/interpretation_scope.png  used on input line 19
8.
(pdftex.def)             Requested size: 362.37569pt x 265.09746pt.


LaTeX Warning: `!h' float specifier changed to `!ht'.

[11] [12 <./images/interpretation_scope.png>]
<images/lime_paper_dog.png, id=279, 1161.84062pt x 310.66063pt>
File: images/lime_paper_dog.png Graphic file (type png)
<use images/lime_paper_dog.png>
Package pdftex.def Info: images/lime_paper_dog.png  used on input line 253.
(pdftex.def)             Requested size: 362.37569pt x 96.89633pt.


LaTeX Warning: `!h' float specifier changed to `!ht'.

[13]
<images/lime_paper_huskey.png, id=290, 524.45938pt x 268.50313pt>
File: images/lime_paper_huskey.png Graphic file (type png)
<use images/lime_paper_huskey.png>
Package pdftex.def Info: images/lime_paper_huskey.png  used on input line 263.
(pdftex.def)             Requested size: 181.18439pt x 92.75658pt.
 [14 <./images/lime_paper_dog.png> <./images/lime_paper_huskey.png>]
<images/shap_feature_ordering.png, id=303, 1002.24437pt x 173.64874pt>
File: images/shap_feature_ordering.png Graphic file (type png)
<use images/shap_feature_ordering.png>
Package pdftex.def Info: images/shap_feature_ordering.png  used on input line 2
83.
(pdftex.def)             Requested size: 452.9679pt x 78.48036pt.
<images/shap_dp.png, id=309, 518.43687pt x 317.68687pt>
File: images/shap_dp.png Graphic file (type png)
<use images/shap_dp.png>
Package pdftex.def Info: images/shap_dp.png  used on input line 295.
(pdftex.def)             Requested size: 271.7835pt x 166.55057pt.

[15 <./images/shap_feature_ordering.png> <./images/shap_dp.png>] [16]
<images/decision_change.png, id=335, 566.61688pt x 244.41313pt>
File: images/decision_change.png Graphic file (type png)
<use images/decision_change.png>
Package pdftex.def Info: images/decision_change.png  used on input line 320.
(pdftex.def)             Requested size: 362.37569pt x 156.3157pt.
<images/simple-neural-network.jpg, id=340, 503.8825pt x 337.26pt>
File: images/simple-neural-network.jpg Graphic file (type jpg)
<use images/simple-neural-network.jpg>
Package pdftex.def Info: images/simple-neural-network.jpg  used on input line 3
42.
(pdftex.def)             Requested size: 201.54942pt x 134.9016pt.


LaTeX Warning: `!h' float specifier changed to `!ht'.

[17 <./images/decision_change.png>]
<images/activation_binary_step_1.png, id=352, 2168.1pt x 1084.05pt>
File: images/activation_binary_step_1.png Graphic file (type png)
<use images/activation_binary_step_1.png>
Package pdftex.def Info: images/activation_binary_step_1.png  used on input lin
e 364.
(pdftex.def)             Requested size: 130.08621pt x 65.04019pt.
<images/activation_rectified_linear.png, id=354, 2168.1pt x 1084.05pt>
File: images/activation_rectified_linear.png Graphic file (type png)
<use images/activation_rectified_linear.png>
Package pdftex.def Info: images/activation_rectified_linear.png  used on input 
line 370.
(pdftex.def)             Requested size: 130.08621pt x 65.04019pt.
<images/activation_sigmoid.png, id=355, 2168.1pt x 1084.05pt>
File: images/activation_sigmoid.png Graphic file (type png)
<use images/activation_sigmoid.png>
Package pdftex.def Info: images/activation_sigmoid.png  used on input line 375.

(pdftex.def)             Requested size: 130.08621pt x 65.04019pt.
 [18 <./images/simple-neural-network.jpg> <./images/activation_binary_step_1.pn
g> <./images/activation_rectified_linear.png> <./images/activation_sigmoid.png>
]
<images/A-graph-of-a-cost-function-modified-from.png, id=378, 853.1875pt x 589.
20125pt>
File: images/A-graph-of-a-cost-function-modified-from.png Graphic file (type pn
g)
<use images/A-graph-of-a-cost-function-modified-from.png>
Package pdftex.def Info: images/A-graph-of-a-cost-function-modified-from.png  u
sed on input line 393.
(pdftex.def)             Requested size: 170.63448pt x 117.83815pt.
 [19 <./images/A-graph-of-a-cost-function-modified-from.png>]
<images/building_ann/age_bmi_scatterplot.png, id=397, 361.35pt x 361.35pt>
File: images/building_ann/age_bmi_scatterplot.png Graphic file (type png)
<use images/building_ann/age_bmi_scatterplot.png>
Package pdftex.def Info: images/building_ann/age_bmi_scatterplot.png  used on i
nput line 418.
(pdftex.def)             Requested size: 181.18439pt x 181.18182pt.
<images/building_ann/stroke_age_distplot.png, id=398, 722.7pt x 578.16pt>
File: images/building_ann/stroke_age_distplot.png Graphic file (type png)
<use images/building_ann/stroke_age_distplot.png>
Package pdftex.def Info: images/building_ann/stroke_age_distplot.png  used on i
nput line 424.
(pdftex.def)             Requested size: 226.48395pt x 181.18623pt.
 [20 <./images/building_ann/age_bmi_scatterplot.png> <./images/building_ann/str
oke_age_distplot.png>]
<images/building_ann/heatmap.png, id=413, 1084.05pt x 1084.05pt>
File: images/building_ann/heatmap.png Graphic file (type png)
<use images/building_ann/heatmap.png>
Package pdftex.def Info: images/building_ann/heatmap.png  used on input line 43
6.
(pdftex.def)             Requested size: 330.66463pt x 330.65958pt.
<images/building_ann/gender_smoking_percentage.png, id=415, 361.35pt x 361.35pt
>
File: images/building_ann/gender_smoking_percentage.png Graphic file (type png)

<use images/building_ann/gender_smoking_percentage.png>
Package pdftex.def Info: images/building_ann/gender_smoking_percentage.png  use
d on input line 445.
(pdftex.def)             Requested size: 181.18439pt x 181.18182pt.


LaTeX Warning: `!h' float specifier changed to `!ht'.

[21 <./images/building_ann/heatmap.png>] [22 <./images/building_ann/gender_smok
ing_percentage.png>]
LaTeX Font Info:    Trying to load font information for OMS+ptm on input line 4
75.
 ("C:\Program Files\MiKTeX 2.9\tex/latex/psnfss\omsptm.fd"
File: omsptm.fd 
)
LaTeX Font Info:    Font shape `OMS/ptm/m/n' in size <12> not available
(Font)              Font shape `OMS/cmsy/m/n' tried instead on input line 475.

LaTeX Warning: Reference `fig:val_loss_weighted' on page 23 undefined on input 
line 475.

(images/building_ann/weighted.tex)
<images/building_ann/weighted.png, id=432, 1228.59pt x 433.62pt>
File: images/building_ann/weighted.png Graphic file (type png)
<use images/building_ann/weighted.png>
Package pdftex.def Info: images/building_ann/weighted.png  used on input line 4
92.
(pdftex.def)             Requested size: 505.89pt x 178.55286pt.

Overfull \hbox (58.9221pt too wide) in paragraph at lines 486--493
 [][] 
 []

(images/building_ann/weighted.tex)
File: images/building_ann/weighted.png Graphic file (type png)
<use images/building_ann/weighted.png>
Package pdftex.def Info: images/building_ann/weighted.png  used on input line 5
11.
(pdftex.def)             Requested size: 505.89pt x 178.55286pt.

Overfull \hbox (58.9221pt too wide) in paragraph at lines 505--512
 [][] 
 []

[23] [24 <./images/building_ann/weighted.png>] (main_explainability.bbl
LaTeX Font Info:    Trying to load font information for OT1+pcr on input line 6
.

("C:\Program Files\MiKTeX 2.9\tex/latex/psnfss\ot1pcr.fd"
File: ot1pcr.fd 2001/06/04 font definitions for OT1/pcr.
)
Overfull \hbox (156.5362pt too wide) in paragraph at lines 9--12
[]\OT1/ptm/m/n/10 Machine Bias.  []$\OT1/pcr/m/n/10 https : / / www . propublic
a . org / article / machine-[]bias-[]risk-[]assessments-[]in-[]criminal-[]sente
ncing$[]\OT1/ptm/m/n/10 . 
 []


Underfull \hbox (badness 10000) in paragraph at lines 24--27
[]\OT1/ptm/m/n/10 AI aids doc-tors as-sess Covid-19 CT scans.  []$\OT1/pcr/m/n/
10 https : / / www . imveurope . com / news /
 []


Underfull \hbox (badness 10000) in paragraph at lines 47--51
[]\OT1/ptm/m/n/10 Sheldon Fer-nan-dez.  Dark ai and the promise of ex-plain-abi
l-
 []


Underfull \hbox (badness 10000) in paragraph at lines 47--51
\OT1/ptm/m/n/10 ity (part i).  []$\OT1/pcr/m/n/10 https : / / medium . com / @s
heldon . fernandez /
 []


Underfull \hbox (badness 2229) in paragraph at lines 59--63
[]\OT1/ptm/m/n/10 Information Comis-sioner's Of-fice.  Rights re-lated to au-to
-mated de-ci-sion mak-ing in-clud-ing pro-
 []


Underfull \hbox (badness 10000) in paragraph at lines 59--63
\OT1/ptm/m/n/10 fil-ing.  []$\OT1/pcr/m/n/10 https : / / ico . org . uk / for-[
]organisations / guide-[]to-[]data-[]protection /
 []


Underfull \hbox (badness 10000) in paragraph at lines 59--63
\OT1/pcr/m/n/10 guide-[]to-[]the-[]general-[]data-[]protection-[]regulation-[]g
dpr / individual-[]rights /
 []


Underfull \hbox (badness 10000) in paragraph at lines 65--68
[]\OT1/ptm/m/n/10 Algorithm as-sess-ment re-port.  []$\OT1/pcr/m/n/10 https : /
 / data . govt . nz / use-[]data /
 []


Underfull \hbox (badness 10000) in paragraph at lines 65--68
\OT1/pcr/m/n/10 analyse-[]data / government-[]algorithm-[]transparency-[]and-[]
accountability /
 []


Underfull \hbox (badness 4013) in paragraph at lines 70--73
[]\OT1/ptm/m/n/10 Coding your own algo-trading robot - in-vesto-pe-dia.  []$\OT
1/pcr/m/n/10 https : / / www . investopedia . com /
 []


Underfull \hbox (badness 10000) in paragraph at lines 70--73
\OT1/pcr/m/n/10 articles / active-[]trading / 081315 / how-[]code-[]your-[]own-
[]algo-[]trading-[]robot .
 []


Underfull \hbox (badness 10000) in paragraph at lines 83--86
[]\OT1/ptm/m/n/10 Well-funded au-tonomous ve-hi-cle star-tups | crunch-base.  [
]$\OT1/pcr/m/n/10 https : / / www .
 []


Underfull \hbox (badness 10000) in paragraph at lines 83--86
\OT1/pcr/m/n/10 crunchbase . com / lists / well-[]funded-[]autonomous-[]vehicle
-[]startups /
 []

[25

]
Underfull \hbox (badness 10000) in paragraph at lines 109--112
[]\OT1/ptm/m/n/10 The triple jeop-ardy of ke xu, a chi-nese hedge fund quant ..
..
 []


Underfull \hbox (badness 10000) in paragraph at lines 109--112
[]$\OT1/pcr/m/n/10 https : / / www . bloomberg . com / news / features / 2018-[
]11-[]19 /
 []


Underfull \hbox (badness 2608) in paragraph at lines 212--215
[]\OT1/ptm/m/n/10 A graph of a cost func-tion - re-search-gate.  []$\OT1/pcr/m/
n/10 https : / / www . researchgate . net / figure /
 []

[26]
Overfull \hbox (6.04617pt too wide) in paragraph at lines 233--235
[]\OT1/ptm/m/n/10 Stroke dataset.  []$\OT1/pcr/m/n/10 https : / / www . kaggle 
. com / asaumya / healthcare-[]dataset-[]stroke-[]data/$[]\OT1/ptm/m/n/10 . 
 []

) [27]
Package atveryend Info: Empty hook `BeforeClearDocument' on input line 525.
Package atveryend Info: Empty hook `AfterLastShipout' on input line 525.
 (main_explainability.aux)
Package atveryend Info: Executing hook `AtVeryEndDocument' on input line 525.
Package atveryend Info: Executing hook `AtEndAfterFileList' on input line 525.
Package rerunfilecheck Info: File `main_explainability.out' has not changed.
(rerunfilecheck)             Checksum: 3DEC7AE000BC8D6239CDB3AEC6463504;1923.


LaTeX Warning: There were undefined references.


LaTeX Warning: There were multiply-defined labels.

Package atveryend Info: Empty hook `AtVeryVeryEnd' on input line 525.
 ) 
Here is how much of TeX's memory you used:
 8952 strings out of 481565
 137126 string characters out of 2923924
 407488 words of memory out of 3000000
 23848 multiletter control sequences out of 15000+200000
 558636 words of font info for 76 fonts, out of 3000000 for 9000
 1141 hyphenation exceptions out of 8191
 41i,11n,42p,1412b,424s stack positions out of 5000i,500n,10000p,200000b,50000s
{C:/Program Files/MiKTeX 2.9/fonts/enc/dvips/base/8r.enc}<C:/Program Files/Mi
KTeX 2.9/fonts/type1/public/amsfonts/cm/cmex10.pfb><C:/Program Files/MiKTeX 2.9
/fonts/type1/public/amsfonts/cm/cmmi12.pfb><C:/Program Files/MiKTeX 2.9/fonts/t
ype1/public/amsfonts/cm/cmmi8.pfb><C:/Program Files/MiKTeX 2.9/fonts/type1/publ
ic/amsfonts/cm/cmr12.pfb><C:/Program Files/MiKTeX 2.9/fonts/type1/public/amsfon
ts/cm/cmr8.pfb><C:/Program Files/MiKTeX 2.9/fonts/type1/public/amsfonts/cm/cmsy
10.pfb><C:/Program Files/MiKTeX 2.9/fonts/type1/urw/courier/ucrr8a.pfb><C:/Prog
ram Files/MiKTeX 2.9/fonts/type1/urw/times/utmb8a.pfb><C:/Program Files/MiKTeX 
2.9/fonts/type1/urw/times/utmr8a.pfb><C:/Program Files/MiKTeX 2.9/fonts/type1/u
rw/times/utmr8a.pfb><C:/Program Files/MiKTeX 2.9/fonts/type1/urw/times/utmri8a.
pfb>
Output written on main_explainability.pdf (30 pages, 3705709 bytes).
PDF statistics:
 581 PDF objects out of 1000 (max. 8388607)
 128 named destinations out of 1000 (max. 500000)
 293 words of extra memory for PDF output out of 10000 (max. 10000000)

