\BOOKMARK [1][-]{section.0.1}{Motivation}{}% 1
\BOOKMARK [1][-]{section.0.2}{Introduction}{}% 2
\BOOKMARK [2][-]{subsection.0.2.1}{Explainability - Problem Outline}{section.0.2}% 3
\BOOKMARK [2][-]{subsection.0.2.2}{Proposed work}{section.0.2}% 4
\BOOKMARK [1][-]{section.0.3}{Background Literature}{}% 5
\BOOKMARK [2][-]{subsection.0.3.1}{Overview}{section.0.3}% 6
\BOOKMARK [2][-]{subsection.0.3.2}{What is explainability?}{section.0.3}% 7
\BOOKMARK [3][-]{subsubsection.0.3.2.1}{Features}{subsection.0.3.2}% 8
\BOOKMARK [3][-]{subsubsection.0.3.2.2}{Goals}{subsection.0.3.2}% 9
\BOOKMARK [2][-]{subsection.0.3.3}{Current approaches towards XAI}{section.0.3}% 10
\BOOKMARK [3][-]{subsubsection.0.3.3.1}{Inherently interpretable vs opaque models}{subsection.0.3.3}% 11
\BOOKMARK [3][-]{subsubsection.0.3.3.2}{General mechanisms for interpreting opaque models}{subsection.0.3.3}% 12
\BOOKMARK [2][-]{subsection.0.3.4}{Overview of practical tools}{section.0.3}% 13
\BOOKMARK [3][-]{subsubsection.0.3.4.1}{LIME - Local interpretable model-agnostic explanations}{subsection.0.3.4}% 14
\BOOKMARK [3][-]{subsubsection.0.3.4.2}{SHAP \(SHapley Additive exPlanations\)}{subsection.0.3.4}% 15
\BOOKMARK [2][-]{subsection.0.3.5}{Evaluation Strategies for XAI methods}{section.0.3}% 16
\BOOKMARK [2][-]{subsection.0.3.6}{Selection of methods - reflection on why these are best to be compared}{section.0.3}% 17
\BOOKMARK [2][-]{subsection.0.3.7}{Artificial Neural Networks}{section.0.3}% 18
\BOOKMARK [1][-]{section.0.4}{Exploratory work}{}% 19
\BOOKMARK [2][-]{subsection.0.4.1}{Building an ANN}{section.0.4}% 20
\BOOKMARK [2][-]{subsection.0.4.2}{Choosing a Dataset}{section.0.4}% 21
\BOOKMARK [2][-]{subsection.0.4.3}{Exploratory Data Analysis}{section.0.4}% 22
\BOOKMARK [2][-]{subsection.0.4.4}{Categorical and Missing Data}{section.0.4}% 23
\BOOKMARK [2][-]{subsection.0.4.5}{Architecture of the ANN with Keras}{section.0.4}% 24
